<?xml version="1.0" encoding="UTF-8"?>
<!-- Generated by org.testng.reporters.JUnitReportReporter -->
<testsuite hostname="krissh-mbp.notrust.clients.wireless.pfw.edu" failures="0" tests="7" name="runner.TestNGRunner" time="25.651" errors="0" timestamp="2024-05-29T20:48:05 EDT" skipped="0">
  <testcase classname="runner.TestNGRunner" name="runScenario" time="2.893"/>
  <testcase classname="runner.TestNGRunner" name="runScenario" time="3.379"/>
  <testcase classname="runner.TestNGRunner" name="runScenario" time="3.699"/>
  <testcase classname="runner.TestNGRunner" name="runScenario" time="3.724"/>
  <testcase classname="runner.TestNGRunner" name="runScenario" time="5.368"/>
  <testcase classname="runner.TestNGRunner" name="runScenario" time="3.592"/>
  <testcase classname="runner.TestNGRunner" name="runScenario" time="2.996"/>
</testsuite> <!-- runner.TestNGRunner -->
