<?xml version="1.0" encoding="UTF-8"?>
<!-- Generated by org.testng.reporters.JUnitReportReporter -->
<testsuite hostname="krissh-mbp.notrust.clients.wireless.pfw.edu" failures="0" tests="4" name="runner.TestNGRunner" time="34.707" errors="0" timestamp="2024-05-29T19:16:40 EDT" skipped="0">
  <testcase classname="runner.TestNGRunner" name="runScenario" time="9.388"/>
  <testcase classname="runner.TestNGRunner" name="runScenario" time="8.471"/>
  <testcase classname="runner.TestNGRunner" name="runScenario" time="8.226"/>
  <testcase classname="runner.TestNGRunner" name="runScenario" time="8.622"/>
</testsuite> <!-- runner.TestNGRunner -->
