<?xml version="1.0" encoding="UTF-8"?>
<!-- Generated by org.testng.reporters.JUnitReportReporter -->
<testsuite hostname="krissh-mbp.notrust.clients.wireless.pfw.edu" failures="0" tests="4" name="runner.TestNGRunner" time="31.945" errors="0" timestamp="2024-05-29T19:22:25 EDT" skipped="0">
  <testcase classname="runner.TestNGRunner" name="runScenario" time="6.688"/>
  <testcase classname="runner.TestNGRunner" name="runScenario" time="6.859"/>
  <testcase classname="runner.TestNGRunner" name="runScenario" time="11.159"/>
  <testcase classname="runner.TestNGRunner" name="runScenario" time="7.239"/>
</testsuite> <!-- runner.TestNGRunner -->
