<?xml version="1.0" encoding="UTF-8"?>
<!-- Generated by org.testng.reporters.JUnitReportReporter -->
<testsuite hostname="krissh-mbp.notrust.clients.wireless.pfw.edu" failures="0" tests="1" name="runner.TestNGRunner" time="3.070" errors="0" timestamp="2024-05-29T20:15:57 EDT" skipped="0">
  <testcase classname="runner.TestNGRunner" name="runScenario" time="3.070"/>
</testsuite> <!-- runner.TestNGRunner -->
